<?xml version="1.0" encoding="UTF-8"?>
<!-- Generated by org.testng.reporters.JUnitReportReporter -->
<testsuite hostname="DESKTOP-944TSMG" failures="0" tests="1" name="amz.AmzLog1" time="17.800" errors="0" timestamp="2023-04-18T23:35:30 IST" skipped="0">
  <testcase classname="amz.AmzLog1" name="AmzLogingComplete" time="17.800"/>
  <system-out/>
</testsuite> <!-- amz.AmzLog1 -->
