<?xml version="1.0" encoding="UTF-8"?>
<!-- Generated by org.testng.reporters.JUnitReportReporter -->
<testsuite hostname="DESKTOP-944TSMG" failures="0" tests="1" name="liabraryFile.BaseClass" time="5.028" errors="0" timestamp="2023-04-16T17:54:20 IST" skipped="0">
  <testcase classname="liabraryFile.BaseClass" name="initializeBrowser" time="5.028"/>
  <system-out/>
</testsuite> <!-- liabraryFile.BaseClass -->
