<?xml version="1.0" encoding="UTF-8"?>
<!-- Generated by org.testng.reporters.JUnitReportReporter -->
<testsuite hostname="DESKTOP-944TSMG" failures="0" tests="1" name="amz.AmzTestClass" time="30.413" errors="0" timestamp="2023-04-19T00:24:31 IST" skipped="0">
  <testcase classname="amz.AmzTestClass" name="mainTestNameVerification" time="30.413"/>
  <system-out/>
</testsuite> <!-- amz.AmzTestClass -->
