<?xml version="1.0" encoding="UTF-8"?>
<!-- Generated by org.testng.reporters.JUnitReportReporter -->
<testsuite hostname="DESKTOP-944TSMG" failures="0" tests="1" name="amz.AmzTestClass" time="5.527" errors="0" timestamp="2023-04-16T18:20:15 IST" skipped="0">
  <testcase classname="amz.AmzTestClass" name="openBrowser" time="5.527"/>
  <system-out/>
</testsuite> <!-- amz.AmzTestClass -->
